<?xml version="1.0" encoding="UTF-8"?>
<!-- Generated by org.testng.reporters.JUnitReportReporter -->
<testsuite hostname="Hi" failures="0" tests="1" name="TestCases.TC_01_Reg" time="6.545" errors="0" timestamp="2024-05-30T09:56:13 IST" skipped="0">
  <testcase classname="TestCases.TC_01_Reg" name="RegTest" time="6.545"/>
</testsuite> <!-- TestCases.TC_01_Reg -->
